Arguments: 
  /usr/local/Cellar/node/13.11.0/bin/node /usr/local/Cellar/yarn/1.22.4/libexec/bin/yarn.js add @aws-cdk/aws-s3 @aws-cdk/aws-lambda @aws-cdk/aws-lambda-event-sources @aws-cdk/aws-dynamodb @aws-cdk/iam

PATH: 
  /Users/req87408/bin:/usr/local/bin:/usr/local/bin:/usr/bin:/bin:/usr/sbin:/sbin:/Users/req87408/.sdkman/candidates/java/current/bin

Yarn version: 
  1.22.4

Node version: 
  13.11.0

Platform: 
  darwin x64

Trace: 
  Error: https://registry.yarnpkg.com/@aws-cdk%2fiam: Not found
      at Request.params.callback [as _callback] (/usr/local/Cellar/yarn/1.22.4/libexec/lib/cli.js:66987:18)
      at Request.self.callback (/usr/local/Cellar/yarn/1.22.4/libexec/lib/cli.js:140748:22)
      at Request.emit (events.js:315:20)
      at Request.<anonymous> (/usr/local/Cellar/yarn/1.22.4/libexec/lib/cli.js:141720:10)
      at Request.emit (events.js:315:20)
      at IncomingMessage.<anonymous> (/usr/local/Cellar/yarn/1.22.4/libexec/lib/cli.js:141642:12)
      at Object.onceWrapper (events.js:421:28)
      at IncomingMessage.emit (events.js:327:22)
      at endReadableNT (_stream_readable.js:1201:12)
      at processTicksAndRejections (internal/process/task_queues.js:84:21)

npm manifest: 
  {
    "name": "devhour",
    "version": "0.1.0",
    "bin": {
      "devhour": "bin/devhour.js"
    },
    "scripts": {
      "build": "tsc",
      "watch": "tsc -w",
      "test": "jest",
      "cdk": "cdk"
    },
    "devDependencies": {
      "@aws-cdk/assert": "1.50.0",
      "@types/jest": "^25.2.1",
      "@types/node": "10.17.5",
      "jest": "^25.5.0",
      "ts-jest": "^25.3.1",
      "aws-cdk": "1.50.0",
      "ts-node": "^8.1.0",
      "typescript": "~3.7.2"
    },
    "dependencies": {
      "@aws-cdk/core": "1.50.0",
      "source-map-support": "^0.5.16"
    }
  }

yarn manifest: 
  No manifest

Lockfile: 
  No lockfile
